2022-04-11 22:27:58,274 register_producer 0
2022-04-11 22:28:07,676 register_producer 0
2022-04-11 22:31:19,608 publish True 0 id1
2022-04-11 22:32:14,087 new cart 0
2022-04-11 22:35:19,321 did not get index
2022-04-11 22:35:29,642 did not get index
2022-04-11 22:36:15,695 did not get index
2022-04-11 22:36:15,696 add to cart False 0 id1
2022-04-11 22:36:22,625 did not get index
2022-04-11 22:36:22,625 add to cart False 0 id1
2022-04-11 22:37:20,655 did not get index
2022-04-11 22:37:39,994 did not get index
2022-04-11 22:39:57,914 place order 0
2022-04-11 22:40:03,726 place order 0
2022-04-11 22:42:28,571 did not get index
2022-04-11 22:47:30,670 did not get index
2022-04-11 22:50:41,305 did not get index
2022-04-11 22:52:56,424 did not get index
2022-04-11 22:52:56,424 add to cart False 0 id1
2022-04-11 22:52:56,424 did not get index
2022-04-11 22:54:02,590 did not get index
2022-04-11 22:54:02,591 add to cart False 0 id1
2022-04-11 22:54:34,524 publish True 0 id1
